<?xml version="1.0" encoding="UTF-8"?>
<testng-results skipped="0" failed="0" ignored="0" total="1" passed="1">
  <reporter-output>
  </reporter-output>
  <suite name="Default suite" duration-ms="37016" started-at="2019-04-15T10:38:17Z" finished-at="2019-04-15T10:38:54Z">
    <groups>
    </groups>
    <test name="Default test" duration-ms="37016" started-at="2019-04-15T10:38:17Z" finished-at="2019-04-15T10:38:54Z">
      <class name="com.pom.testcases.ProfileTest">
        <test-method status="PASS" signature="profileTest(java.util.Hashtable)[pri:0, instance:com.pom.testcases.ProfileTest@639c2c1d]" name="profileTest" duration-ms="36404" started-at="2019-04-15T06:38:17Z" data-provider="getData" finished-at="2019-04-15T06:38:53Z">
          <params>
            <param index="0">
              <value>
                <![CDATA[{Username=iusikder@yahoo.com, ExpectedResult=Success, Password=sabsah0209, Runmode=Y, Browser=Chrome}]]>
              </value>
            </param>
          </params>
          <reporter-output>
          </reporter-output>
        </test-method> <!-- profileTest -->
        <test-method status="PASS" signature="quit()[pri:0, instance:com.pom.testcases.ProfileTest@639c2c1d]" name="quit" is-config="true" duration-ms="559" started-at="2019-04-15T06:38:53Z" finished-at="2019-04-15T06:38:54Z">
          <reporter-output>
          </reporter-output>
        </test-method> <!-- quit -->
      </class> <!-- com.pom.testcases.ProfileTest -->
    </test> <!-- Default test -->
  </suite> <!-- Default suite -->
</testng-results>
